<?xml version="1.0" encoding="UTF-8"?>
<!-- Generated by org.testng.reporters.JUnitXMLReporter -->
<testsuite ignored="4" hostname="DESKTOP-3QLNKTK" failures="0" tests="2" name="Test" time="0.071" errors="0" timestamp="2024-09-10T02:40:40 IST">
  <testcase classname="com.training.testNG.NewTest2" name="test1" time="0.005"/>
  <testcase classname="com.training.testNG.NewTest1" name="test" time="0.002"/>
  <testcase classname="com.training.testNG.NewTest3" name="@AfterSuite Aftersuite" time="0.0">
    <ignored/>
  </testcase> <!-- @AfterSuite Aftersuite -->
  <testcase classname="com.training.testNG.NewTest3" name="@AfterTest Aftertest" time="0.0">
    <ignored/>
  </testcase> <!-- @AfterTest Aftertest -->
  <testcase classname="com.training.testNG.NewTest3" name="@BeforeTest Beforetest" time="0.0">
    <ignored/>
  </testcase> <!-- @BeforeTest Beforetest -->
  <testcase classname="com.training.testNG.NewTest3" name="@BeforeSuite Beforesuite" time="0.0">
    <ignored/>
  </testcase> <!-- @BeforeSuite Beforesuite -->
</testsuite> <!-- Test -->
