<?xml version="1.0" encoding="UTF-8"?>
<testng-results ignored="0" total="2" passed="2" failed="0" skipped="0">
  <reporter-output>
  </reporter-output>
  <suite started-at="2024-09-10T02:40:40 IST" name="Suite" finished-at="2024-09-10T02:40:40 IST" duration-ms="71">
    <groups>
    </groups>
    <test started-at="2024-09-10T02:40:40 IST" name="Test" finished-at="2024-09-10T02:40:40 IST" duration-ms="71">
      <class name="com.training.testNG.NewTest1">
        <test-method is-config="true" signature="Beforeclass()[pri:0, instance:com.training.testNG.NewTest1@4a883b15]" started-at="2024-09-10T02:40:40 IST" name="Beforeclass" finished-at="2024-09-10T02:40:40 IST" duration-ms="0" status="PASS">
          <reporter-output>
          </reporter-output>
        </test-method> <!-- Beforeclass -->
        <test-method signature="test()[pri:0, instance:com.training.testNG.NewTest1@4a883b15]" started-at="2024-09-10T02:40:40 IST" name="test" finished-at="2024-09-10T02:40:40 IST" duration-ms="2" status="PASS">
          <reporter-output>
          </reporter-output>
        </test-method> <!-- test -->
        <test-method is-config="true" signature="beforemethod()[pri:0, instance:com.training.testNG.NewTest1@4a883b15]" started-at="2024-09-10T02:40:40 IST" name="beforemethod" finished-at="2024-09-10T02:40:40 IST" duration-ms="0" status="PASS">
          <reporter-output>
          </reporter-output>
        </test-method> <!-- beforemethod -->
        <test-method is-config="true" signature="aftermethod()[pri:0, instance:com.training.testNG.NewTest1@4a883b15]" started-at="2024-09-10T02:40:40 IST" name="aftermethod" finished-at="2024-09-10T02:40:40 IST" duration-ms="0" status="PASS">
          <reporter-output>
          </reporter-output>
        </test-method> <!-- aftermethod -->
        <test-method is-config="true" signature="Afterclass()[pri:0, instance:com.training.testNG.NewTest1@4a883b15]" started-at="2024-09-10T02:40:40 IST" name="Afterclass" finished-at="2024-09-10T02:40:40 IST" duration-ms="1" status="PASS">
          <reporter-output>
          </reporter-output>
        </test-method> <!-- Afterclass -->
      </class> <!-- com.training.testNG.NewTest1 -->
      <class name="com.training.testNG.NewTest2">
        <test-method is-config="true" signature="Beforesuite()[pri:0, instance:com.training.testNG.NewTest2@6fdbe764]" started-at="2024-09-10T02:40:40 IST" name="Beforesuite" finished-at="2024-09-10T02:40:40 IST" duration-ms="12" status="PASS">
          <reporter-output>
          </reporter-output>
        </test-method> <!-- Beforesuite -->
        <test-method is-config="true" signature="Beforetest()[pri:0, instance:com.training.testNG.NewTest2@6fdbe764]" started-at="2024-09-10T02:40:40 IST" name="Beforetest" finished-at="2024-09-10T02:40:40 IST" duration-ms="1" status="PASS">
          <reporter-output>
          </reporter-output>
        </test-method> <!-- Beforetest -->
        <test-method is-config="true" signature="Beforeclass()[pri:0, instance:com.training.testNG.NewTest2@6fdbe764]" started-at="2024-09-10T02:40:40 IST" name="Beforeclass" finished-at="2024-09-10T02:40:40 IST" duration-ms="1" status="PASS">
          <reporter-output>
          </reporter-output>
        </test-method> <!-- Beforeclass -->
        <test-method is-config="true" signature="beforemethod()[pri:0, instance:com.training.testNG.NewTest2@6fdbe764]" started-at="2024-09-10T02:40:40 IST" name="beforemethod" finished-at="2024-09-10T02:40:40 IST" duration-ms="2" status="PASS">
          <reporter-output>
          </reporter-output>
        </test-method> <!-- beforemethod -->
        <test-method signature="test1()[pri:0, instance:com.training.testNG.NewTest2@6fdbe764]" started-at="2024-09-10T02:40:40 IST" name="test1" finished-at="2024-09-10T02:40:40 IST" duration-ms="5" status="PASS">
          <reporter-output>
          </reporter-output>
        </test-method> <!-- test1 -->
        <test-method is-config="true" signature="aftermethod()[pri:0, instance:com.training.testNG.NewTest2@6fdbe764]" started-at="2024-09-10T02:40:40 IST" name="aftermethod" finished-at="2024-09-10T02:40:40 IST" duration-ms="1" status="PASS">
          <reporter-output>
          </reporter-output>
        </test-method> <!-- aftermethod -->
        <test-method is-config="true" signature="Afterclass()[pri:0, instance:com.training.testNG.NewTest2@6fdbe764]" started-at="2024-09-10T02:40:40 IST" name="Afterclass" finished-at="2024-09-10T02:40:40 IST" duration-ms="0" status="PASS">
          <reporter-output>
          </reporter-output>
        </test-method> <!-- Afterclass -->
        <test-method is-config="true" signature="Aftertest()[pri:0, instance:com.training.testNG.NewTest2@6fdbe764]" started-at="2024-09-10T02:40:40 IST" name="Aftertest" finished-at="2024-09-10T02:40:40 IST" duration-ms="0" status="PASS">
          <reporter-output>
          </reporter-output>
        </test-method> <!-- Aftertest -->
        <test-method is-config="true" signature="Aftersuite()[pri:0, instance:com.training.testNG.NewTest2@6fdbe764]" started-at="2024-09-10T02:40:41 IST" name="Aftersuite" finished-at="2024-09-10T02:40:41 IST" duration-ms="1" status="PASS">
          <reporter-output>
          </reporter-output>
        </test-method> <!-- Aftersuite -->
      </class> <!-- com.training.testNG.NewTest2 -->
    </test> <!-- Test -->
  </suite> <!-- Suite -->
</testng-results>
